<?xml version="1.0" encoding="utf-8"?><testsuites name="pytest tests"><testsuite name="pytest" errors="0" failures="0" skipped="0" tests="11" time="37.673" timestamp="2026-06-07T20:32:14.658299+00:00" hostname="agent-env-074c8e44-a022-4fc9-8397-92247ed2a849"><testcase classname="backend.tests.test_chispa_api.TestHealth" name="test_root" time="0.228" /><testcase classname="backend.tests.test_chispa_api.TestDailyChallenge" name="test_daily_challenge_level1_diversion" time="3.355" /><testcase classname="backend.tests.test_chispa_api.TestDailyChallenge" name="test_daily_challenge_level4_no_hint" time="4.226" /><testcase classname="backend.tests.test_chispa_api.TestDailyChallenge" name="test_daily_challenge_invalid_level" time="0.185" /><testcase classname="backend.tests.test_chispa_api.TestChallengeFeedback" name="test_feedback_returns_xp_in_range" time="4.404" /><testcase classname="backend.tests.test_chispa_api.TestTrainerChat" name="test_trainer_chat_reply_spanish" time="4.242" /><testcase classname="backend.tests.test_chispa_api.TestTrainerChat" name="test_trainer_chat_level4_terse" time="3.585" /><testcase classname="backend.tests.test_chispa_api.TestConcepts" name="test_concepts_generate_returns_two" time="1.524" /><testcase classname="backend.tests.test_chispa_api.TestConcepts" name="test_concepts_generate_level4_extreme" time="1.887" /><testcase classname="backend.tests.test_chispa_api.TestFuse" name="test_fuse_returns_three_fusions_and_invitation" time="6.160" /><testcase classname="backend.tests.test_chispa_api.TestFuse" name="test_fuse_with_user_idea" time="7.847" /></testsuite></testsuites>