<?xml version="1.0" encoding="utf-8"?><testsuites name="pytest tests"><testsuite name="pytest" errors="0" failures="1" skipped="0" tests="11" time="35.392" timestamp="2026-05-07T19:24:25.682359+00:00" hostname="agent-env-074c8e44-a022-4fc9-8397-92247ed2a849"><testcase classname="backend.tests.test_chispa_api.TestHealth" name="test_root" time="0.240" /><testcase classname="backend.tests.test_chispa_api.TestDailyChallenge" name="test_daily_challenge_level1_diversion" time="0.647"><failure message="AssertionError: Internal Server Error&#10;assert 500 == 200&#10; +  where 500 = &lt;Response [500]&gt;.status_code">backend/tests/test_chispa_api.py:38: in test_daily_challenge_level1_diversion
    assert r.status_code == 200, r.text
E   AssertionError: Internal Server Error
E   assert 500 == 200
E    +  where 500 = &lt;Response [500]&gt;.status_code</failure></testcase><testcase classname="backend.tests.test_chispa_api.TestDailyChallenge" name="test_daily_challenge_level4_no_hint" time="3.785" /><testcase classname="backend.tests.test_chispa_api.TestDailyChallenge" name="test_daily_challenge_invalid_level" time="0.123" /><testcase classname="backend.tests.test_chispa_api.TestChallengeFeedback" name="test_feedback_returns_xp_in_range" time="4.709" /><testcase classname="backend.tests.test_chispa_api.TestTrainerChat" name="test_trainer_chat_reply_spanish" time="4.607" /><testcase classname="backend.tests.test_chispa_api.TestTrainerChat" name="test_trainer_chat_level4_terse" time="5.223" /><testcase classname="backend.tests.test_chispa_api.TestConcepts" name="test_concepts_generate_returns_two" time="3.396" /><testcase classname="backend.tests.test_chispa_api.TestConcepts" name="test_concepts_generate_level4_extreme" time="1.923" /><testcase classname="backend.tests.test_chispa_api.TestFuse" name="test_fuse_returns_three_fusions_and_invitation" time="5.322" /><testcase classname="backend.tests.test_chispa_api.TestFuse" name="test_fuse_with_user_idea" time="5.358" /></testsuite></testsuites>